<?xml version="1.0" encoding="UTF-8"?>
<!-- Generated by org.testng.reporters.JUnitReportReporter -->
<testsuite skipped="0" hostname="renxings-MacBook-Pro.local" name="CalculatorTest" tests="2" failures="0" timestamp="21 Jun 2022 23:17:14 GMT" time="0.012" errors="0">
  <testcase name="deductTest" time="0.000" classname="CalculatorTest"/>
  <testcase name="addTest" time="0.012" classname="CalculatorTest"/>
</testsuite> <!-- CalculatorTest -->
